<?xml version="1.0" encoding="UTF-8"?>
<!-- Generated by org.testng.reporters.JUnitReportReporter -->
<testsuite name="GoogShortlistTest" tests="1" time="18.885" ignored="0" failures="0" timestamp="22 Jan 2017 17:31:09 GMT" skipped="0" hostname="FluffyBunnyGunslinger" errors="0">
  <testcase name="ShortlistTest" time="18.885" classname="GoogShortlistTest"/>
</testsuite> <!-- GoogShortlistTest -->
